[2025-06-10 01:59:14] app.ERROR: An error occurred while checking the Database Host Connection SQLSTATE[HY000] [1045] Access denied for user 'u593997835_suitecrm'@'::1' (using password: YES) [] []
[2025-06-10 01:59:23] app.ERROR: An error occurred while checking the Database Host Connection SQLSTATE[HY000] [1045] Access denied for user 'u593997835_suitecrm'@'::1' (using password: YES) [] []
[2025-06-10 01:59:58] app.ERROR: An error occurred while checking the Database Host Connection SQLSTATE[HY000] [1045] Access denied for user 'u593997835_suitecrm'@'::1' (using password: YES) [] []
[2025-06-10 02:00:10] app.ERROR: An error occurred while checking the Database Host Connection SQLSTATE[HY000] [1045] Access denied for user 'u593997835_suitecrm'@'::1' (using password: YES) [] []
[2025-06-10 02:00:13] app.ERROR: An error occurred while checking the Database Host Connection SQLSTATE[HY000] [1045] Access denied for user 'u593997835_suitecrm'@'::1' (using password: YES) [] []
[2025-06-10 02:01:24] app.ERROR: An error occurred while checking the Database Host Connection SQLSTATE[HY000] [1045] Access denied for user 'u593997835_suitecrm'@'::1' (using password: YES) [] []
[2025-06-10 02:01:31] app.ERROR: An error occurred while checking the Database Host Connection SQLSTATE[HY000] [1045] Access denied for user 'u593997835_suitecrm'@'::1' (using password: YES) [] []
[2025-06-10 02:01:37] app.ERROR: An error occurred while checking the Database Host Connection SQLSTATE[HY000] [1045] Access denied for user 'u593997835_suitecrm'@'::1' (using password: YES) [] []
[2025-06-10 02:02:11] app.ERROR: An error occurred while checking the Database Host Connection SQLSTATE[HY000] [1045] Access denied for user 'u593997835_suitecrm'@'::1' (using password: YES) [] []
[2025-06-10 02:05:10] app.ERROR: An error occurred while checking the Database Host Connection SQLSTATE[HY000] [1045] Access denied for user 'u593997835_suitecrm'@'::1' (using password: YES) [] []
[2025-06-10 02:05:41] app.ERROR: An error occurred while checking the Database Host Connection SQLSTATE[HY000] [1045] Access denied for user 'u593997835_suitecrm'@'::1' (using password: YES) [] []
[2025-06-10 02:05:42] app.ERROR: An error occurred while checking the Database Host Connection SQLSTATE[HY000] [1045] Access denied for user 'u593997835_suitecrm'@'::1' (using password: YES) [] []
[2025-06-10 02:05:46] app.ERROR: An error occurred while checking the Database Host Connection SQLSTATE[HY000] [1045] Access denied for user 'u593997835_suitecrm'@'::1' (using password: YES) [] []
[2025-06-10 02:06:43] app.ERROR: An error occurred while checking the Database Host Connection SQLSTATE[HY000] [1045] Access denied for user 'u593997835_matatiaho	'@'::1' (using password: YES) [] []
[2025-06-10 02:16:05] app.ERROR: An error occurred while checking the Database Host Connection SQLSTATE[HY000] [1045] Access denied for user 'u593997835_matatiaho	'@'::1' (using password: YES) [] []
[2025-06-10 02:16:45] app.ERROR: An error occurred while checking the Database Host Connection SQLSTATE[HY000] [1045] Access denied for user 'u593997835_matatiaho	'@'::1' (using password: YES) [] []
[2025-06-10 02:17:20] app.ERROR: An error occurred while checking the Database Host Connection SQLSTATE[HY000] [1045] Access denied for user 'u593997835_matatiaho	'@'::1' (using password: YES) [] []
[2025-06-10 03:14:24] app.ERROR: An error occurred while checking the Database Host Connection SQLSTATE[HY000] [1045] Access denied for user 'u593997835_matatiaho	'@'::1' (using password: YES) [] []
[2025-06-10 03:14:29] app.ERROR: An error occurred while checking the Database Host Connection SQLSTATE[HY000] [1045] Access denied for user 'u593997835_matatiaho	'@'::1' (using password: YES) [] []
[2025-06-10 03:15:37] app.ERROR: An error occurred while checking the Database Host Connection SQLSTATE[HY000] [2002] php_network_getaddresses: getaddrinfo for  127.0.0.1 failed: Name or service not known [] []
[2025-06-10 03:22:33] app.ERROR: An error occurred while checking the Database Host Connection SQLSTATE[HY000] [1045] Access denied for user 'u593997835_matatiaho	'@'::1' (using password: YES) [] []
[2025-06-10 03:34:32] app.ERROR: An error occurred while checking the Database Host Connection SQLSTATE[HY000] [1045] Access denied for user 'u593997835_matatiaho	'@'::1' (using password: YES) [] []
[2025-06-10 03:34:35] app.ERROR: An error occurred while checking the Database Host Connection SQLSTATE[HY000] [1045] Access denied for user 'u593997835_matatiaho	'@'::1' (using password: YES) [] []
[2025-06-10 03:34:39] app.ERROR: An error occurred while checking the Database Host Connection SQLSTATE[HY000] [1045] Access denied for user 'u593997835_matatiaho	'@'::1' (using password: YES) [] []
[2025-06-10 03:34:42] app.ERROR: An error occurred while checking the Database Host Connection SQLSTATE[HY000] [1045] Access denied for user 'u593997835_matatiaho	'@'::1' (using password: YES) [] []
[2025-06-10 03:40:35] app.ERROR: An error occurred while checking the Database Host Connection SQLSTATE[HY000] [1045] Access denied for user 'u593997835_matatiaho	'@'::1' (using password: YES) [] []
[2025-06-10 03:40:42] app.ERROR: An error occurred while checking the Database Host Connection SQLSTATE[HY000] [1045] Access denied for user 'u593997835_matatiaho	'@'::1' (using password: YES) [] []
[2025-06-10 03:48:39] app.ERROR: An error occurred while checking the Database Host Connection SQLSTATE[HY000] [1045] Access denied for user 'u593997835_matatiaho	'@'::1' (using password: YES) [] []
[2025-06-10 03:48:49] app.ERROR: An error occurred while checking the Database Host Connection SQLSTATE[HY000] [1045] Access denied for user 'u593997835_matatiaho	'@'::1' (using password: YES) [] []
[2025-06-10 03:48:59] app.ERROR: An error occurred while checking the Database Host Connection SQLSTATE[HY000] [2002] Connection refused [] []
[2025-06-10 03:49:07] app.ERROR: An error occurred while checking the Database Host Connection SQLSTATE[HY000] [1045] Access denied for user 'u593997835_matatiaho	'@'::1' (using password: YES) [] []
[2025-06-10 04:11:36] app.ERROR: An error occurred while checking the Database Host Connection SQLSTATE[HY000] [1045] Access denied for user 'u593997835_matatiaho'@'::1' (using password: YES) [] []
[2025-06-10 04:59:17] php.WARNING: Warning: Trying to access array offset on null {"exception":"[object] (ErrorException(code: 0): Warning: Trying to access array offset on null at /home/u593997835/domains/crm.lamfbroker.com/public_html/public/legacy/modules/Users/authentication/SugarAuthenticate/SugarAuthenticate.php:539)"} []
[2025-06-10 04:59:17] php.WARNING: Warning: Trying to access array offset on null {"exception":"[object] (ErrorException(code: 0): Warning: Trying to access array offset on null at /home/u593997835/domains/crm.lamfbroker.com/public_html/public/legacy/modules/Users/authentication/SugarAuthenticate/SugarAuthenticate.php:539)"} []
[2025-06-10 05:01:00] request.ERROR: Uncaught PHP Exception Symfony\Component\HttpKernel\Exception\AccessDeniedHttpException: "Invalid CSRF token" at CSRFValidationListener.php line 95 {"exception":"[object] (Symfony\\Component\\HttpKernel\\Exception\\AccessDeniedHttpException(code: 0): Invalid CSRF token at /home/u593997835/domains/crm.lamfbroker.com/public_html/core/backend/Security/CSRFValidationListener.php:95)"} []
[2025-06-10 05:09:23] php.WARNING: Warning: Trying to access array offset on null {"exception":"[object] (ErrorException(code: 0): Warning: Trying to access array offset on null at /home/u593997835/domains/crm.lamfbroker.com/public_html/public/legacy/modules/Users/authentication/SugarAuthenticate/SugarAuthenticate.php:539)"} []
[2025-06-10 05:09:23] php.WARNING: Warning: Trying to access array offset on null {"exception":"[object] (ErrorException(code: 0): Warning: Trying to access array offset on null at /home/u593997835/domains/crm.lamfbroker.com/public_html/public/legacy/modules/Users/authentication/SugarAuthenticate/SugarAuthenticate.php:539)"} []
[2025-06-10 05:11:17] request.ERROR: Uncaught PHP Exception Symfony\Component\HttpKernel\Exception\AccessDeniedHttpException: "Invalid CSRF token" at CSRFValidationListener.php line 95 {"exception":"[object] (Symfony\\Component\\HttpKernel\\Exception\\AccessDeniedHttpException(code: 0): Invalid CSRF token at /home/u593997835/domains/crm.lamfbroker.com/public_html/core/backend/Security/CSRFValidationListener.php:95)"} []
[2025-06-10 05:50:17] php.WARNING: Warning: Trying to access array offset on null {"exception":"[object] (ErrorException(code: 0): Warning: Trying to access array offset on null at /home/u593997835/domains/crm.lamfbroker.com/public_html/public/legacy/modules/Users/authentication/SugarAuthenticate/SugarAuthenticate.php:539)"} []
[2025-06-10 05:50:17] php.WARNING: Warning: Trying to access array offset on null {"exception":"[object] (ErrorException(code: 0): Warning: Trying to access array offset on null at /home/u593997835/domains/crm.lamfbroker.com/public_html/public/legacy/modules/Users/authentication/SugarAuthenticate/SugarAuthenticate.php:539)"} []
[2025-06-10 05:51:17] request.ERROR: Uncaught PHP Exception Symfony\Component\HttpKernel\Exception\AccessDeniedHttpException: "Invalid CSRF token" at CSRFValidationListener.php line 95 {"exception":"[object] (Symfony\\Component\\HttpKernel\\Exception\\AccessDeniedHttpException(code: 0): Invalid CSRF token at /home/u593997835/domains/crm.lamfbroker.com/public_html/core/backend/Security/CSRFValidationListener.php:95)"} []
